
错误报告:2014-09-11 22:07:09
错误码:1
错误行:22
错误文件:C:\Users\fufeng\Documents\GitHub\twt\libs\Autoloader.class.php
错误消息:未找到文件C:\Users\fufeng\Documents\GitHub\twt\libs\db/Vlog.class.php

错误报告:2014-09-11 22:08:14
错误码:1
错误行:22
错误文件:C:\Users\fufeng\Documents\GitHub\twt\libs\Autoloader.class.php
错误消息:未找到文件C:\Users\fufeng\Documents\GitHub\twt\libs\db/Vlog.class.php

错误报告:2014-09-11 22:18:55
错误码:1
错误行:22
错误文件:C:\Users\fufeng\Documents\GitHub\twt\libs\Autoloader.class.php
错误消息:未找到文件C:\Users\fufeng\Documents\GitHub\twt\modules\article_category/Del.class.php

错误报告:2014-09-11 22:19:54
错误码:1
错误行:22
错误文件:C:\Users\fufeng\Documents\GitHub\twt\libs\Autoloader.class.php
错误消息:未找到文件C:\Users\fufeng\Documents\GitHub\twt\modules\article_category/Del.class.php

错误报告:2014-09-11 22:20:20
错误码:1
错误行:22
错误文件:C:\Users\fufeng\Documents\GitHub\twt\libs\Autoloader.class.php
错误消息:未找到文件C:\Users\fufeng\Documents\GitHub\twt\modules\article_category/Del.class.php

错误报告:2014-09-11 22:31:46
错误码:1
错误行:22
错误文件:C:\Users\fufeng\Documents\GitHub\twt\libs\Autoloader.class.php
错误消息:未找到文件C:\Users\fufeng\Documents\GitHub\twt\modules\article_category/Del.class.php

错误报告:2014-09-11 22:32:07
错误码:1
错误行:22
错误文件:C:\Users\fufeng\Documents\GitHub\twt\libs\Autoloader.class.php
错误消息:未找到文件C:\Users\fufeng\Documents\GitHub\twt\modules\article_category/Del.class.php

错误报告:2014-09-11 22:32:21
错误码:1
错误行:22
错误文件:C:\Users\fufeng\Documents\GitHub\twt\libs\Autoloader.class.php
错误消息:未找到文件C:\Users\fufeng\Documents\GitHub\twt\modules\article_category/Del.class.php

错误报告:2014-09-11 22:35:58
错误码:1
错误行:22
错误文件:C:\Users\fufeng\Documents\GitHub\twt\libs\Autoloader.class.php
错误消息:未找到文件C:\Users\fufeng\Documents\GitHub\twt\modules\article_category/Del.class.php
